<?xml version="1.0" encoding="UTF-8"?>
<testsuite name="RockPaperScissorsTest" tests="1" skipped="0" failures="0" errors="0" timestamp="2016-09-07T18:57:24" hostname="epicodus-108.local" time="0.0">
  <properties/>
  <testcase name="compareStrings_enterRock_true" classname="RockPaperScissorsTest" time="0.0"/>
  <system-out><![CDATA[]]></system-out>
  <system-err><![CDATA[]]></system-err>
</testsuite>
