<?xml version="1.0" encoding="UTF-8"?>
<testsuite name="RockPaperScissorsTest" tests="4" skipped="0" failures="0" errors="0" timestamp="2016-09-07T20:59:45" hostname="epicodus-108.local" time="0.002">
  <properties/>
  <testcase name="compareStrings_gameOutcome_Player1" classname="RockPaperScissorsTest" time="0.001"/>
  <testcase name="compareStrings_gameOutcome_Player2" classname="RockPaperScissorsTest" time="0.001"/>
  <testcase name="compareStrings_gameOutcome_tieGame" classname="RockPaperScissorsTest" time="0.0"/>
  <testcase name="compareStrings_gameOutcome_Invalid" classname="RockPaperScissorsTest" time="0.0"/>
  <system-out><![CDATA[]]></system-out>
  <system-err><![CDATA[]]></system-err>
</testsuite>
